[0m2021.04.06 12:50:24 INFO  Started: Metals version 0.10.0 in workspace 'C:\Users\merts\OneDrive\Masaüstü\EyeZone\hs_detection' for client vscode 1.55.0.[0m
[0m2021.04.06 12:50:25 INFO  time: initialize in 1.13s[0m
[0m2021.04.06 12:50:27 WARN  Build server is not auto-connectable.[0m
[0m2021.04.06 12:50:27 WARN  no build tool detected in workspace 'C:\Users\merts\OneDrive\Masaüstü\EyeZone\hs_detection'. The most common cause for this problem is that the editor was opened in the wrong working directory, for example if you use sbt then the workspace directory should contain build.sbt. [0m
Nis 06, 2021 12:55:58 PM org.eclipse.lsp4j.jsonrpc.services.GenericEndpoint notify
INFO: Unsupported notification method: $/setTraceNotification
[0m2021.04.06 12:56:37 INFO  shutting down Metals[0m
[0m2021.04.12 13:35:12 INFO  Started: Metals version 0.10.1 in workspace 'C:\Users\merts\OneDrive\Masaüstü\EyeZone\hs_detection' for client vscode 1.55.1.[0m
[0m2021.04.12 13:35:13 INFO  time: initialize in 0.69s[0m
[0m2021.04.12 13:35:15 WARN  Build server is not auto-connectable.[0m
[0m2021.04.12 13:35:15 WARN  no build tool detected in workspace 'C:\Users\merts\OneDrive\Masaüstü\EyeZone\hs_detection'. The most common cause for this problem is that the editor was opened in the wrong working directory, for example if you use sbt then the workspace directory should contain build.sbt. [0m
Nis 12, 2021 2:25:30 PM org.eclipse.lsp4j.jsonrpc.services.GenericEndpoint notify
INFO: Unsupported notification method: $/setTraceNotification
[0m2021.04.12 17:34:31 INFO  shutting down Metals[0m
[0m2021.04.13 11:48:39 INFO  Started: Metals version 0.10.1 in workspace 'C:\Users\merts\OneDrive\Masaüstü\EyeZone\hs_detection' for client vscode 1.55.1.[0m
[0m2021.04.13 11:48:40 INFO  time: initialize in 1.13s[0m
[0m2021.04.13 11:48:42 WARN  Build server is not auto-connectable.[0m
[0m2021.04.13 11:48:42 WARN  no build tool detected in workspace 'C:\Users\merts\OneDrive\Masaüstü\EyeZone\hs_detection'. The most common cause for this problem is that the editor was opened in the wrong working directory, for example if you use sbt then the workspace directory should contain build.sbt. [0m
Nis 13, 2021 12:37:56 PM org.eclipse.lsp4j.jsonrpc.services.GenericEndpoint notify
INFO: Unsupported notification method: $/setTraceNotification
[0m2021.04.13 12:47:20 INFO  shutting down Metals[0m
[0m2021.04.14 01:42:51 INFO  Started: Metals version 0.10.1 in workspace 'C:\Users\merts\OneDrive\Masaüstü\EyeZone\hs_detection' for client vscode 1.55.1.[0m
[0m2021.04.14 01:42:53 INFO  time: initialize in 1.46s[0m
[0m2021.04.14 01:42:57 WARN  Build server is not auto-connectable.[0m
[0m2021.04.14 01:42:57 WARN  no build tool detected in workspace 'C:\Users\merts\OneDrive\Masaüstü\EyeZone\hs_detection'. The most common cause for this problem is that the editor was opened in the wrong working directory, for example if you use sbt then the workspace directory should contain build.sbt. [0m
[0m2021.04.14 04:27:13 INFO  shutting down Metals[0m
[0m2021.04.17 00:43:56 INFO  Started: Metals version 0.10.1 in workspace 'C:\Users\merts\OneDrive\Masaüstü\EyeZone\hs_detection' for client vscode 1.55.2.[0m
[0m2021.04.17 00:43:58 INFO  time: initialize in 1.74s[0m
[0m2021.04.17 00:44:02 WARN  Build server is not auto-connectable.[0m
[0m2021.04.17 00:44:02 WARN  no build tool detected in workspace 'C:\Users\merts\OneDrive\Masaüstü\EyeZone\hs_detection'. The most common cause for this problem is that the editor was opened in the wrong working directory, for example if you use sbt then the workspace directory should contain build.sbt. [0m
Nis 17, 2021 1:54:06 AM org.eclipse.lsp4j.jsonrpc.services.GenericEndpoint notify
INFO: Unsupported notification method: $/setTraceNotification
[0m2021.04.17 04:02:12 INFO  shutting down Metals[0m
